<?xml version="1.0" encoding="UTF-8"?>
<testng-results skipped="0" failed="0" ignored="0" total="1" passed="1">
  <reporter-output>
  </reporter-output>
  <suite name="Default suite" duration-ms="578" started-at="2017-11-16T07:36:34Z" finished-at="2017-11-16T07:36:34Z">
    <groups>
    </groups>
    <test name="Default test" duration-ms="578" started-at="2017-11-16T07:36:34Z" finished-at="2017-11-16T07:36:34Z">
      <class name="com.create.testng.XmlSuiteCreator">
        <test-method status="PASS" signature="test11()[pri:0, instance:com.create.testng.XmlSuiteCreator@91161c7]" name="test11" duration-ms="559" started-at="2017-11-16T13:06:34Z" finished-at="2017-11-16T13:06:34Z">
          <reporter-output>
          </reporter-output>
        </test-method> <!-- test11 -->
      </class> <!-- com.create.testng.XmlSuiteCreator -->
    </test> <!-- Default test -->
  </suite> <!-- Default suite -->
</testng-results>
