<?xml version="1.0" encoding="UTF-8"?>
<testng-results skipped="0" failed="0" ignored="0" total="3" passed="3">
  <reporter-output>
  </reporter-output>
  <suite name="TestSuite" duration-ms="33" started-at="2017-11-16T10:43:49Z" finished-at="2017-11-16T10:43:49Z">
    <groups>
    </groups>
    <test name="ExTest" duration-ms="33" started-at="2017-11-16T10:43:49Z" finished-at="2017-11-16T10:43:49Z">
      <class name="test.chet.TC01">
        <test-method status="PASS" signature="test1()[pri:0, instance:test.chet.TC01@27efef64]" name="test1" duration-ms="8" started-at="2017-11-16T16:13:49Z" finished-at="2017-11-16T16:13:49Z">
          <reporter-output>
          </reporter-output>
        </test-method> <!-- test1 -->
      </class> <!-- test.chet.TC01 -->
      <class name="test.chet.TC03">
        <test-method status="PASS" signature="test2()[pri:0, instance:test.chet.TC03@3e6fa38a]" name="test2" duration-ms="1" started-at="2017-11-16T16:13:49Z" finished-at="2017-11-16T16:13:49Z">
          <reporter-output>
          </reporter-output>
        </test-method> <!-- test2 -->
      </class> <!-- test.chet.TC03 -->
      <class name="test.chet.TC06">
        <test-method status="PASS" signature="test2()[pri:0, instance:test.chet.TC06@66a3ffec]" name="test2" duration-ms="2" started-at="2017-11-16T16:13:49Z" finished-at="2017-11-16T16:13:49Z">
          <reporter-output>
          </reporter-output>
        </test-method> <!-- test2 -->
      </class> <!-- test.chet.TC06 -->
    </test> <!-- ExTest -->
  </suite> <!-- TestSuite -->
</testng-results>
